<?xml version="1.0" encoding="UTF-8"?>
<!-- Generated by org.testng.reporters.JUnitReportReporter -->
<testsuite skipped="0" hostname="CYBERSPACE" name="com.zaigo.reactui.LoginTestCases" tests="8" failures="0" timestamp="2022-05-17T14:27:27 IST" time="26.716" errors="0">
  <testcase name="verifyEmptyEmail" time="5.611" classname="com.zaigo.reactui.LoginTestCases"/>
  <system-out/>
  <testcase name="verifyEmptyPassword" time="2.883" classname="com.zaigo.reactui.LoginTestCases"/>
  <system-out/>
  <testcase name="verifyIncorrectMail" time="1.667" classname="com.zaigo.reactui.LoginTestCases"/>
  <system-out/>
  <testcase name="verifyIncorrectPassword" time="2.098" classname="com.zaigo.reactui.LoginTestCases"/>
  <system-out/>
  <testcase name="verifyInvalidEmail" time="2.397" classname="com.zaigo.reactui.LoginTestCases"/>
  <system-out/>
  <testcase name="verifyInvalidPassword" time="2.155" classname="com.zaigo.reactui.LoginTestCases"/>
  <system-out/>
  <testcase name="verifyInvalidCredentials" time="1.438" classname="com.zaigo.reactui.LoginTestCases"/>
  <system-out/>
  <testcase name="verify" time="8.467" classname="com.zaigo.reactui.LoginTestCases"/>
  <system-out/>
</testsuite> <!-- com.zaigo.reactui.LoginTestCases -->
