<?xml version="1.0" encoding="UTF-8"?>
<!-- Generated by org.testng.reporters.JUnitReportReporter -->
<testsuite hostname="DESKTOP-5M7AM2E" failures="0" tests="23" name="com.zaigo.reactui.OnBoardingTestCases" time="34.003" errors="0" timestamp="2022-09-21T17:48:42 IST" skipped="0">
  <testcase classname="com.zaigo.reactui.OnBoardingTestCases" name="login" time="4.133"/>
  <system-out/>
  <testcase classname="com.zaigo.reactui.OnBoardingTestCases" name="mandatoryFieldValidation" time="1.127"/>
  <system-out/>
  <testcase classname="com.zaigo.reactui.OnBoardingTestCases" name="alreadyBussinessNameValidation" time="0.908"/>
  <system-out/>
  <testcase classname="com.zaigo.reactui.OnBoardingTestCases" name="maximumValidationBussinessName" time="1.416"/>
  <system-out/>
  <testcase classname="com.zaigo.reactui.OnBoardingTestCases" name="maximumValidationBussinessWebSite" time="5.292"/>
  <system-out/>
  <testcase classname="com.zaigo.reactui.OnBoardingTestCases" name="maximumValidationFirstName" time="1.160"/>
  <system-out/>
  <testcase classname="com.zaigo.reactui.OnBoardingTestCases" name="maximumValidationLastName" time="1.146"/>
  <system-out/>
  <testcase classname="com.zaigo.reactui.OnBoardingTestCases" name="maximumValidationEmail" time="1.040"/>
  <system-out/>
  <testcase classname="com.zaigo.reactui.OnBoardingTestCases" name="validateEmailFormat" time="1.539"/>
  <system-out/>
  <testcase classname="com.zaigo.reactui.OnBoardingTestCases" name="existingEmailValidation" time="3.093"/>
  <system-out/>
  <testcase classname="com.zaigo.reactui.OnBoardingTestCases" name="correctValidationEmail" time="1.105"/>
  <system-out/>
  <testcase classname="com.zaigo.reactui.OnBoardingTestCases" name="validateRadioButtonClickable" time="4.812"/>
  <system-out/>
  <testcase classname="com.zaigo.reactui.OnBoardingTestCases" name="industryTypeFieldPresent" time="0.256"/>
  <system-out/>
  <testcase classname="com.zaigo.reactui.OnBoardingTestCases" name="maximumValidationIndustryField" time="0.768"/>
  <system-out/>
  <testcase classname="com.zaigo.reactui.OnBoardingTestCases" name="sizeCompanyValidation" time="1.223"/>
  <system-out/>
  <testcase classname="com.zaigo.reactui.OnBoardingTestCases" name="validationRadioButtonIntrested" time="1.557"/>
  <system-out/>
  <testcase classname="com.zaigo.reactui.OnBoardingTestCases" name="passwordMandatoryField" time="1.067"/>
  <system-out/>
  <testcase classname="com.zaigo.reactui.OnBoardingTestCases" name="minValidationPassword" time="0.344"/>
  <system-out/>
  <testcase classname="com.zaigo.reactui.OnBoardingTestCases" name="minValidationConfirmPassword" time="0.248"/>
  <system-out/>
  <testcase classname="com.zaigo.reactui.OnBoardingTestCases" name="passwordFieldConditions" time="0.232"/>
  <system-out/>
  <testcase classname="com.zaigo.reactui.OnBoardingTestCases" name="confirmPasswordFieldCondition" time="0.208"/>
  <system-out/>
  <testcase classname="com.zaigo.reactui.OnBoardingTestCases" name="lowerCaseValidation" time="0.424"/>
  <system-out/>
  <testcase classname="com.zaigo.reactui.OnBoardingTestCases" name="mismatchPassword" time="0.905"/>
  <system-out/>
</testsuite> <!-- com.zaigo.reactui.OnBoardingTestCases -->
