<?xml version="1.0" encoding="UTF-8"?>
<!-- Generated by org.testng.reporters.JUnitReportReporter -->
<testsuite hostname="DESKTOP-5M7AM2E" failures="0" tests="9" name="com.zaigo.reactui.SendInviteTestCases" time="33.072" errors="0" timestamp="2022-09-13T12:10:59 IST" skipped="0">
  <testcase classname="com.zaigo.reactui.SendInviteTestCases" name="verifyUserTab" time="10.439"/>
  <system-out/>
  <testcase classname="com.zaigo.reactui.SendInviteTestCases" name="verifySendInvitePopup" time="6.810"/>
  <system-out/>
  <testcase classname="com.zaigo.reactui.SendInviteTestCases" name="verifyEmailRequired" time="2.106"/>
  <system-out/>
  <testcase classname="com.zaigo.reactui.SendInviteTestCases" name="verifyEmailFormat" time="2.737"/>
  <system-out/>
  <testcase classname="com.zaigo.reactui.SendInviteTestCases" name="verifyFirtName" time="0.167"/>
  <system-out/>
  <testcase classname="com.zaigo.reactui.SendInviteTestCases" name="verifyFirtNameWithBlankSpace" time="2.845"/>
  <system-out/>
  <testcase classname="com.zaigo.reactui.SendInviteTestCases" name="verifyUserEnterMessage" time="2.439"/>
  <system-out/>
  <testcase classname="com.zaigo.reactui.SendInviteTestCases" name="verifyAddMoreButton" time="0.096"/>
  <system-out/>
  <testcase classname="com.zaigo.reactui.SendInviteTestCases" name="verifyUserSendInvite" time="5.433"/>
  <system-out/>
</testsuite> <!-- com.zaigo.reactui.SendInviteTestCases -->
