<?xml version="1.0" encoding="UTF-8"?>
<!-- Generated by org.testng.reporters.JUnitReportReporter -->
<testsuite hostname="DESKTOP-5M7AM2E" failures="0" tests="5" name="com.zaigo.reactui.EditDetailScreenCompaniesTestCases" time="23.593" errors="0" timestamp="2022-09-13T12:10:59 IST" skipped="0">
  <testcase classname="com.zaigo.reactui.EditDetailScreenCompaniesTestCases" name="loginPage" time="1.889"/>
  <system-out/>
  <testcase classname="com.zaigo.reactui.EditDetailScreenCompaniesTestCases" name="teamModule" time="14.024"/>
  <system-out/>
  <testcase classname="com.zaigo.reactui.EditDetailScreenCompaniesTestCases" name="edit" time="2.660"/>
  <system-out/>
  <testcase classname="com.zaigo.reactui.EditDetailScreenCompaniesTestCases" name="addLocation" time="3.101"/>
  <system-out/>
  <testcase classname="com.zaigo.reactui.EditDetailScreenCompaniesTestCases" name="deleteLocation" time="1.919"/>
  <system-out/>
</testsuite> <!-- com.zaigo.reactui.EditDetailScreenCompaniesTestCases -->
