<?xml version="1.0" encoding="UTF-8"?>
<!-- Generated by org.testng.reporters.JUnitReportReporter -->
<testsuite skipped="0" hostname="CYBERSPACE" name="com.zaigo.reactui.EditContractorTestCases" tests="17" failures="0" timestamp="2021-05-21T18:44:44 IST" time="73.850" errors="0">
  <testcase name="verifyUserTab" time="10.791" classname="com.zaigo.reactui.EditContractorTestCases"/>
  <system-out/>
  <testcase name="verifyContractorab" time="0.411" classname="com.zaigo.reactui.EditContractorTestCases"/>
  <system-out/>
  <testcase name="verifyEmptyName" time="5.715" classname="com.zaigo.reactui.EditContractorTestCases"/>
  <system-out/>
  <testcase name="verifyEmptyEmail" time="2.507" classname="com.zaigo.reactui.EditContractorTestCases"/>
  <system-out/>
  <testcase name="verifyEmptyContactPerson" time="2.432" classname="com.zaigo.reactui.EditContractorTestCases"/>
  <system-out/>
  <testcase name="verifyBlankSpaceName" time="3.947" classname="com.zaigo.reactui.EditContractorTestCases"/>
  <system-out/>
  <testcase name="verifyBlankSpaceEmail" time="2.187" classname="com.zaigo.reactui.EditContractorTestCases"/>
  <system-out/>
  <testcase name="verifyBlankSpaceContactPerson" time="2.251" classname="com.zaigo.reactui.EditContractorTestCases"/>
  <system-out/>
  <testcase name="verifyMaxPhone" time="1.945" classname="com.zaigo.reactui.EditContractorTestCases"/>
  <system-out/>
  <testcase name="verifyLineOneMaxCharacters" time="6.922" classname="com.zaigo.reactui.EditContractorTestCases"/>
  <system-out/>
  <testcase name="verifyLineTwoMaxCharacters" time="5.958" classname="com.zaigo.reactui.EditContractorTestCases"/>
  <system-out/>
  <testcase name="verifyCityMaxCharacters" time="7.152" classname="com.zaigo.reactui.EditContractorTestCases"/>
  <system-out/>
  <testcase name="verifyMinZipcode" time="6.229" classname="com.zaigo.reactui.EditContractorTestCases"/>
  <system-out/>
  <testcase name="verifyWithValidDetails" time="6.194" classname="com.zaigo.reactui.EditContractorTestCases"/>
  <system-out/>
  <testcase name="verifyWithvalidImage" time="1.284" classname="com.zaigo.reactui.EditContractorTestCases"/>
  <system-out/>
  <testcase name="verifyContractorCreated" time="5.473" classname="com.zaigo.reactui.EditContractorTestCases"/>
  <system-out/>
  <testcase name="verifyContractorDeleted" time="2.452" classname="com.zaigo.reactui.EditContractorTestCases"/>
  <system-out/>
</testsuite> <!-- com.zaigo.reactui.EditContractorTestCases -->
