<?xml version="1.0" encoding="UTF-8"?>
<!-- Generated by org.testng.reporters.JUnitReportReporter -->
<testsuite hostname="DESKTOP-5M7AM2E" failures="0" tests="5" name="com.zaigo.reactui.EditDetailScreenCompaniesTestCases" time="27.797" errors="0" timestamp="2022-08-30T15:19:18 IST" skipped="0">
  <testcase classname="com.zaigo.reactui.EditDetailScreenCompaniesTestCases" name="loginPage" time="2.705"/>
  <system-out/>
  <testcase classname="com.zaigo.reactui.EditDetailScreenCompaniesTestCases" name="teamModule" time="17.023"/>
  <system-out/>
  <testcase classname="com.zaigo.reactui.EditDetailScreenCompaniesTestCases" name="edit" time="2.648"/>
  <system-out/>
  <testcase classname="com.zaigo.reactui.EditDetailScreenCompaniesTestCases" name="addLocation" time="3.541"/>
  <system-out/>
  <testcase classname="com.zaigo.reactui.EditDetailScreenCompaniesTestCases" name="deleteLocation" time="1.880"/>
  <system-out/>
</testsuite> <!-- com.zaigo.reactui.EditDetailScreenCompaniesTestCases -->
