<?xml version="1.0" encoding="UTF-8"?>
<!-- Generated by org.testng.reporters.JUnitReportReporter -->
<testsuite skipped="0" hostname="CYBERSPACE" name="com.zaigo.reactui.Testclass" tests="1" failures="0" timestamp="2022-04-15T10:51:00 IST" time="15.322" errors="0">
  <testcase name="testcontractor" time="15.322" classname="com.zaigo.reactui.Testclass"/>
  <system-out/>
</testsuite> <!-- com.zaigo.reactui.Testclass -->
