<?xml version="1.0" encoding="UTF-8"?>
<!-- Generated by org.testng.reporters.JUnitReportReporter -->
<testsuite hostname="DESKTOP-5M7AM2E" failures="0" tests="5" name="com.zaigo.reactui.EditContractorCompaniesTestCases" time="20.403" errors="0" timestamp="2022-08-02T12:14:12 IST" skipped="0">
  <testcase classname="com.zaigo.reactui.EditContractorCompaniesTestCases" name="loginPage" time="2.228"/>
  <system-out/>
  <testcase classname="com.zaigo.reactui.EditContractorCompaniesTestCases" name="userModuleField" time="12.103"/>
  <system-out/>
  <testcase classname="com.zaigo.reactui.EditContractorCompaniesTestCases" name="editField" time="1.844"/>
  <system-out/>
  <testcase classname="com.zaigo.reactui.EditContractorCompaniesTestCases" name="editName" time="3.383"/>
  <system-out/>
  <testcase classname="com.zaigo.reactui.EditContractorCompaniesTestCases" name="deleteField" time="0.845"/>
  <system-out/>
</testsuite> <!-- com.zaigo.reactui.EditContractorCompaniesTestCases -->
