<?xml version="1.0" encoding="UTF-8"?>
<!-- Generated by org.testng.reporters.JUnitReportReporter -->
<testsuite hostname="DESKTOP-5M7AM2E" failures="0" tests="5" name="com.zaigo.reactui.EditDetailScreenCompaniesTestCases" time="29.480" errors="0" timestamp="2022-09-18T16:27:20 IST" skipped="0">
  <testcase classname="com.zaigo.reactui.EditDetailScreenCompaniesTestCases" name="loginPage" time="2.997"/>
  <system-out/>
  <testcase classname="com.zaigo.reactui.EditDetailScreenCompaniesTestCases" name="teamModule" time="18.638"/>
  <system-out/>
  <testcase classname="com.zaigo.reactui.EditDetailScreenCompaniesTestCases" name="edit" time="2.737"/>
  <system-out/>
  <testcase classname="com.zaigo.reactui.EditDetailScreenCompaniesTestCases" name="addLocation" time="3.041"/>
  <system-out/>
  <testcase classname="com.zaigo.reactui.EditDetailScreenCompaniesTestCases" name="deleteLocation" time="2.067"/>
  <system-out/>
</testsuite> <!-- com.zaigo.reactui.EditDetailScreenCompaniesTestCases -->
