<?xml version="1.0" encoding="UTF-8"?>
<!-- Generated by org.testng.reporters.JUnitReportReporter -->
<testsuite skipped="0" hostname="CYBERSPACE" name="com.zaigo.reactui.LoginTestCases" tests="8" failures="0" timestamp="2022-04-15T12:48:26 IST" time="18.618" errors="0">
  <testcase name="verifyEmptyEmail" time="3.382" classname="com.zaigo.reactui.LoginTestCases"/>
  <system-out/>
  <testcase name="verifyEmptyPassword" time="1.863" classname="com.zaigo.reactui.LoginTestCases"/>
  <system-out/>
  <testcase name="verifyIncorrectMail" time="1.332" classname="com.zaigo.reactui.LoginTestCases"/>
  <system-out/>
  <testcase name="verifyIncorrectPassword" time="1.755" classname="com.zaigo.reactui.LoginTestCases"/>
  <system-out/>
  <testcase name="verifyInvalidEmail" time="1.174" classname="com.zaigo.reactui.LoginTestCases"/>
  <system-out/>
  <testcase name="verifyInvalidPassword" time="1.854" classname="com.zaigo.reactui.LoginTestCases"/>
  <system-out/>
  <testcase name="verifyInvalidCredentials" time="1.160" classname="com.zaigo.reactui.LoginTestCases"/>
  <system-out/>
  <testcase name="verify" time="6.098" classname="com.zaigo.reactui.LoginTestCases"/>
  <system-out/>
</testsuite> <!-- com.zaigo.reactui.LoginTestCases -->
