<?xml version="1.0" encoding="UTF-8"?>
<!-- Generated by org.testng.reporters.JUnitReportReporter -->
<testsuite hostname="DESKTOP-5M7AM2E" failures="0" tests="9" name="com.zaigo.reactui.SendInviteTestCases" time="32.263" errors="0" timestamp="2022-07-06T13:52:01 IST" skipped="0">
  <testcase classname="com.zaigo.reactui.SendInviteTestCases" name="verifyUserTab" time="11.160"/>
  <system-out/>
  <testcase classname="com.zaigo.reactui.SendInviteTestCases" name="verifySendInvitePopup" time="7.407"/>
  <system-out/>
  <testcase classname="com.zaigo.reactui.SendInviteTestCases" name="verifyEmailRequired" time="2.151"/>
  <system-out/>
  <testcase classname="com.zaigo.reactui.SendInviteTestCases" name="verifyEmailFormat" time="2.693"/>
  <system-out/>
  <testcase classname="com.zaigo.reactui.SendInviteTestCases" name="verifyFirtName" time="0.203"/>
  <system-out/>
  <testcase classname="com.zaigo.reactui.SendInviteTestCases" name="verifyFirtNameWithBlankSpace" time="2.561"/>
  <system-out/>
  <testcase classname="com.zaigo.reactui.SendInviteTestCases" name="verifyUserEnterMessage" time="0.534"/>
  <system-out/>
  <testcase classname="com.zaigo.reactui.SendInviteTestCases" name="verifyAddMoreButton" time="0.137"/>
  <system-out/>
  <testcase classname="com.zaigo.reactui.SendInviteTestCases" name="verifyUserSendInvite" time="5.417"/>
  <system-out/>
</testsuite> <!-- com.zaigo.reactui.SendInviteTestCases -->
