<?xml version="1.0" encoding="UTF-8"?>
<!-- Generated by org.testng.reporters.JUnitReportReporter -->
<testsuite skipped="0" hostname="CYBERSPACE" name="com.zaigo.reactui.SearchDeleteVendorTestCases" tests="5" failures="0" timestamp="2021-06-03T21:25:21 IST" time="13.840" errors="0">
  <testcase name="verifyUserTab" time="7.632" classname="com.zaigo.reactui.SearchDeleteVendorTestCases"/>
  <system-out/>
  <testcase name="verifyVendorTabText" time="0.416" classname="com.zaigo.reactui.SearchDeleteVendorTestCases"/>
  <system-out/>
  <testcase name="verifySearchField" time="1.290" classname="com.zaigo.reactui.SearchDeleteVendorTestCases"/>
  <system-out/>
  <testcase name="verifyInvalidaData" time="1.555" classname="com.zaigo.reactui.SearchDeleteVendorTestCases"/>
  <system-out/>
  <testcase name="SearchDeleteContractor" time="2.947" classname="com.zaigo.reactui.SearchDeleteVendorTestCases"/>
  <system-out/>
</testsuite> <!-- com.zaigo.reactui.SearchDeleteVendorTestCases -->
