<?xml version="1.0" encoding="UTF-8"?>
<!-- Generated by org.testng.reporters.JUnitReportReporter -->
<testsuite hostname="DESKTOP-5M7AM2E" failures="0" tests="3" name="com.zaigo.reactui.ContractorLocationTestCases" time="26.342" errors="0" timestamp="2022-07-30T20:48:59 IST" skipped="0">
  <testcase classname="com.zaigo.reactui.ContractorLocationTestCases" name="verifyContractorTab" time="5.266"/>
  <system-out/>
  <testcase classname="com.zaigo.reactui.ContractorLocationTestCases" name="clickModule" time="16.407"/>
  <system-out/>
  <testcase classname="com.zaigo.reactui.ContractorLocationTestCases" name="contractorField" time="4.669"/>
  <system-out/>
</testsuite> <!-- com.zaigo.reactui.ContractorLocationTestCases -->
