<?xml version="1.0" encoding="UTF-8"?>
<!-- Generated by org.testng.reporters.JUnitReportReporter -->
<testsuite hostname="DESKTOP-5M7AM2E" failures="0" tests="5" name="com.zaigo.reactui.EditUserTestCases" time="42.498" errors="0" timestamp="2022-08-30T15:19:18 IST" skipped="0">
  <testcase classname="com.zaigo.reactui.EditUserTestCases" name="loginPage" time="4.281"/>
  <system-out/>
  <testcase classname="com.zaigo.reactui.EditUserTestCases" name="modulePage" time="22.391"/>
  <system-out/>
  <testcase classname="com.zaigo.reactui.EditUserTestCases" name="editFunctionality" time="6.006"/>
  <system-out/>
  <testcase classname="com.zaigo.reactui.EditUserTestCases" name="updateContent" time="7.380"/>
  <system-out/>
  <testcase classname="com.zaigo.reactui.EditUserTestCases" name="deleteList" time="2.440"/>
  <system-out/>
</testsuite> <!-- com.zaigo.reactui.EditUserTestCases -->
