<?xml version="1.0" encoding="UTF-8"?>
<!-- Generated by org.testng.reporters.JUnitReportReporter -->
<testsuite skipped="0" hostname="CYBERSPACE" name="com.zaigo.reactui.SearchDeleteContractorTestCases" tests="5" failures="0" timestamp="2021-06-03T21:26:00 IST" time="13.721" errors="0">
  <testcase name="verifyUserTab" time="7.343" classname="com.zaigo.reactui.SearchDeleteContractorTestCases"/>
  <system-out/>
  <testcase name="verifyContractorTabText" time="0.319" classname="com.zaigo.reactui.SearchDeleteContractorTestCases"/>
  <system-out/>
  <testcase name="verifySearchField" time="1.345" classname="com.zaigo.reactui.SearchDeleteContractorTestCases"/>
  <system-out/>
  <testcase name="verifyInvalidaData" time="1.598" classname="com.zaigo.reactui.SearchDeleteContractorTestCases"/>
  <system-out/>
  <testcase name="SearchDeleteContractor" time="3.116" classname="com.zaigo.reactui.SearchDeleteContractorTestCases"/>
  <system-out/>
</testsuite> <!-- com.zaigo.reactui.SearchDeleteContractorTestCases -->
