<?xml version="1.0" encoding="UTF-8"?>
<!-- Generated by org.testng.reporters.JUnitReportReporter -->
<testsuite hostname="DESKTOP-5M7AM2E" failures="0" tests="5" name="com.zaigo.reactui.EditUser" time="21.696" errors="0" timestamp="2022-07-27T13:28:14 IST" skipped="0">
  <testcase classname="com.zaigo.reactui.EditUser" name="login" time="0.366"/>
  <system-out/>
  <testcase classname="com.zaigo.reactui.EditUser" name="modulePage" time="9.980"/>
  <system-out/>
  <testcase classname="com.zaigo.reactui.EditUser" name="editFunctionality" time="3.523"/>
  <system-out/>
  <testcase classname="com.zaigo.reactui.EditUser" name="updateContent" time="4.078"/>
  <system-out/>
  <testcase classname="com.zaigo.reactui.EditUser" name="deleteList" time="3.749"/>
  <system-out/>
</testsuite> <!-- com.zaigo.reactui.EditUser -->
