<?xml version="1.0" encoding="UTF-8"?>
<!-- Generated by org.testng.reporters.JUnitReportReporter -->
<testsuite hostname="DESKTOP-5M7AM2E" failures="0" tests="13" name="com.zaigo.reactui.CreateContractorTestCases" time="31.563" errors="0" timestamp="2022-08-02T12:14:12 IST" skipped="0">
  <testcase classname="com.zaigo.reactui.CreateContractorTestCases" name="verifyContractorTab" time="14.908"/>
  <system-out/>
  <testcase classname="com.zaigo.reactui.CreateContractorTestCases" name="verifyContractorNameMandatory" time="2.143"/>
  <system-out/>
  <testcase classname="com.zaigo.reactui.CreateContractorTestCases" name="verifyContractorEmailFormat" time="0.258"/>
  <system-out/>
  <testcase classname="com.zaigo.reactui.CreateContractorTestCases" name="verifyContractorNumberMinValidation" time="0.249"/>
  <system-out/>
  <testcase classname="com.zaigo.reactui.CreateContractorTestCases" name="verifyContractorNumberMaxValidation" time="0.170"/>
  <system-out/>
  <testcase classname="com.zaigo.reactui.CreateContractorTestCases" name="verifyFaxMinValidation" time="0.201"/>
  <system-out/>
  <testcase classname="com.zaigo.reactui.CreateContractorTestCases" name="verifyFaxMaxValidation" time="0.260"/>
  <system-out/>
  <testcase classname="com.zaigo.reactui.CreateContractorTestCases" name="verifyCpersonMaxValidation" time="0.715"/>
  <system-out/>
  <testcase classname="com.zaigo.reactui.CreateContractorTestCases" name="clearFields" time="7.080"/>
  <system-out/>
  <testcase classname="com.zaigo.reactui.CreateContractorTestCases" name="verifySaveButtonExist" time="0.045"/>
  <system-out/>
  <testcase classname="com.zaigo.reactui.CreateContractorTestCases" name="createContract" time="3.250"/>
  <system-out/>
  <testcase classname="com.zaigo.reactui.CreateContractorTestCases" name="listValidationName" time="1.089"/>
  <system-out/>
  <testcase classname="com.zaigo.reactui.CreateContractorTestCases" name="invalidValidationData" time="1.195"/>
  <system-out/>
</testsuite> <!-- com.zaigo.reactui.CreateContractorTestCases -->
