<?xml version="1.0" encoding="UTF-8"?>
<!-- Generated by org.testng.reporters.JUnitReportReporter -->
<testsuite hostname="DESKTOP-5M7AM2E" failures="0" tests="27" name="com.zaigo.reactui.CreateContractorTestCases" time="96.612" errors="0" timestamp="2022-07-12T14:15:14 IST" skipped="0">
  <testcase classname="com.zaigo.reactui.CreateContractorTestCases" name="verifyContractorTab" time="13.550"/>
  <system-out/>
  <testcase classname="com.zaigo.reactui.CreateContractorTestCases" name="verifyContractorNameMandatory" time="2.145"/>
  <system-out/>
  <testcase classname="com.zaigo.reactui.CreateContractorTestCases" name="verifyContractorEmailFormat" time="0.310"/>
  <system-out/>
  <testcase classname="com.zaigo.reactui.CreateContractorTestCases" name="verifyContractorNumberMinValidation" time="0.278"/>
  <system-out/>
  <testcase classname="com.zaigo.reactui.CreateContractorTestCases" name="verifyContractorNumberMaxValidation" time="0.201"/>
  <system-out/>
  <testcase classname="com.zaigo.reactui.CreateContractorTestCases" name="verifyFaxMinValidation" time="0.190"/>
  <system-out/>
  <testcase classname="com.zaigo.reactui.CreateContractorTestCases" name="verifyFaxMaxValidation" time="0.378"/>
  <system-out/>
  <testcase classname="com.zaigo.reactui.CreateContractorTestCases" name="verifyCpersonMaxValidation" time="1.743"/>
  <system-out/>
  <testcase classname="com.zaigo.reactui.CreateContractorTestCases" name="verifySaveButtonExist" time="0.032"/>
  <system-out/>
  <testcase classname="com.zaigo.reactui.CreateContractorTestCases" name="listValidationName" time="2.266"/>
  <system-out/>
  <testcase classname="com.zaigo.reactui.CreateContractorTestCases" name="validationName" time="2.300"/>
  <system-out/>
  <testcase classname="com.zaigo.reactui.CreateContractorTestCases" name="invalidValidationData" time="1.137"/>
  <system-out/>
  <testcase classname="com.zaigo.reactui.CreateContractorTestCases" name="modulePage" time="2.193"/>
  <system-out/>
  <testcase classname="com.zaigo.reactui.CreateContractorTestCases" name="reqFieldUser" time="2.692"/>
  <system-out/>
  <testcase classname="com.zaigo.reactui.CreateContractorTestCases" name="conReqField" time="4.177"/>
  <system-out/>
  <testcase classname="com.zaigo.reactui.CreateContractorTestCases" name="reqOrganization" time="4.972"/>
  <system-out/>
  <testcase classname="com.zaigo.reactui.CreateContractorTestCases" name="manditoryField" time="2.890"/>
  <system-out/>
  <testcase classname="com.zaigo.reactui.CreateContractorTestCases" name="inputUserLocationFieldReq" time="8.876"/>
  <system-out/>
  <testcase classname="com.zaigo.reactui.CreateContractorTestCases" name="conManditoryField" time="0.491"/>
  <system-out/>
  <testcase classname="com.zaigo.reactui.CreateContractorTestCases" name="inputContractorLocationFieldReq" time="9.018"/>
  <system-out/>
  <testcase classname="com.zaigo.reactui.CreateContractorTestCases" name="UserModule" time="9.059"/>
  <system-out/>
  <testcase classname="com.zaigo.reactui.CreateContractorTestCases" name="validationNamePresentList" time="2.088"/>
  <system-out/>
  <testcase classname="com.zaigo.reactui.CreateContractorTestCases" name="validationForCreateList" time="2.276"/>
  <system-out/>
  <testcase classname="com.zaigo.reactui.CreateContractorTestCases" name="invalidDataValidation" time="2.237"/>
  <system-out/>
  <testcase classname="com.zaigo.reactui.CreateContractorTestCases" name="conDatas" time="9.540"/>
  <system-out/>
  <testcase classname="com.zaigo.reactui.CreateContractorTestCases" name="alreadyExistData" time="5.692"/>
  <system-out/>
  <testcase classname="com.zaigo.reactui.CreateContractorTestCases" name="contractExistingData" time="5.881"/>
  <system-out/>
</testsuite> <!-- com.zaigo.reactui.CreateContractorTestCases -->
