<?xml version="1.0" encoding="UTF-8"?>
<!-- Generated by org.testng.reporters.JUnitReportReporter -->
<<<<<<< HEAD
<testsuite skipped="0" hostname="CYBERSPACE" name="com.zaigo.reactui.CreateContractorTestCases" tests="9" failures="0" timestamp="2022-06-23T17:17:48 IST" time="30.417" errors="0">
  <testcase name="verifyContractorTab" time="23.047" classname="com.zaigo.reactui.CreateContractorTestCases"/>
  <system-out/>
  <testcase name="verifyContractorNameMandatory" time="0.302" classname="com.zaigo.reactui.CreateContractorTestCases"/>
  <system-out/>
  <testcase name="verifyContractorEmailFormat" time="0.599" classname="com.zaigo.reactui.CreateContractorTestCases"/>
  <system-out/>
  <testcase name="verifyContractorNumberMinValidation" time="0.369" classname="com.zaigo.reactui.CreateContractorTestCases"/>
  <system-out/>
  <testcase name="verifyContractorNumberMaxValidation" time="0.215" classname="com.zaigo.reactui.CreateContractorTestCases"/>
  <system-out/>
  <testcase name="verifyFaxMinValidation" time="4.269" classname="com.zaigo.reactui.CreateContractorTestCases"/>
  <system-out/>
  <testcase name="verifyFaxMaxValidation" time="0.414" classname="com.zaigo.reactui.CreateContractorTestCases"/>
  <system-out/>
  <testcase name="verifyCpersonMaxValidation" time="1.147" classname="com.zaigo.reactui.CreateContractorTestCases"/>
  <system-out/>
  <testcase name="verifySaveButtonExist" time="0.055" classname="com.zaigo.reactui.CreateContractorTestCases"/>
=======
<testsuite hostname="DESKTOP-5M7AM2E" failures="0" tests="12" name="com.zaigo.reactui.CreateContractorTestCases" time="23.682" errors="0" timestamp="2022-07-12T17:54:39 IST" skipped="0">
  <testcase classname="com.zaigo.reactui.CreateContractorTestCases" name="verifyContractorTab" time="13.973"/>
  <system-out/>
  <testcase classname="com.zaigo.reactui.CreateContractorTestCases" name="verifyContractorNameMandatory" time="2.131"/>
  <system-out/>
  <testcase classname="com.zaigo.reactui.CreateContractorTestCases" name="verifyContractorEmailFormat" time="0.253"/>
  <system-out/>
  <testcase classname="com.zaigo.reactui.CreateContractorTestCases" name="verifyContractorNumberMinValidation" time="0.258"/>
  <system-out/>
  <testcase classname="com.zaigo.reactui.CreateContractorTestCases" name="verifyContractorNumberMaxValidation" time="0.179"/>
  <system-out/>
  <testcase classname="com.zaigo.reactui.CreateContractorTestCases" name="verifyFaxMinValidation" time="0.187"/>
  <system-out/>
  <testcase classname="com.zaigo.reactui.CreateContractorTestCases" name="verifyFaxMaxValidation" time="0.297"/>
  <system-out/>
  <testcase classname="com.zaigo.reactui.CreateContractorTestCases" name="verifyCpersonMaxValidation" time="1.216"/>
  <system-out/>
  <testcase classname="com.zaigo.reactui.CreateContractorTestCases" name="verifySaveButtonExist" time="0.038"/>
  <system-out/>
  <testcase classname="com.zaigo.reactui.CreateContractorTestCases" name="listValidationName" time="2.789"/>
  <system-out/>
  <testcase classname="com.zaigo.reactui.CreateContractorTestCases" name="validationName" time="1.219"/>
  <system-out/>
  <testcase classname="com.zaigo.reactui.CreateContractorTestCases" name="invalidValidationData" time="1.142"/>
>>>>>>> 038c1edb595e01e05fc20bc5a93676fff0702545
  <system-out/>
</testsuite> <!-- com.zaigo.reactui.CreateContractorTestCases -->
