<?xml version="1.0" encoding="UTF-8"?>
<!-- Generated by org.testng.reporters.JUnitReportReporter -->
<testsuite hostname="DESKTOP-5M7AM2E" failures="0" tests="5" name="com.zaigo.reactui.EditContractorCompaniesTestCases" time="34.731" errors="0" timestamp="2022-08-30T15:19:18 IST" skipped="0">
  <testcase classname="com.zaigo.reactui.EditContractorCompaniesTestCases" name="loginPage" time="2.062"/>
  <system-out/>
  <testcase classname="com.zaigo.reactui.EditContractorCompaniesTestCases" name="userModuleField" time="23.712"/>
  <system-out/>
  <testcase classname="com.zaigo.reactui.EditContractorCompaniesTestCases" name="editField" time="1.863"/>
  <system-out/>
  <testcase classname="com.zaigo.reactui.EditContractorCompaniesTestCases" name="editName" time="4.082"/>
  <system-out/>
  <testcase classname="com.zaigo.reactui.EditContractorCompaniesTestCases" name="deleteField" time="3.012"/>
  <system-out/>
</testsuite> <!-- com.zaigo.reactui.EditContractorCompaniesTestCases -->
