<?xml version="1.0" encoding="UTF-8"?>
<!-- Generated by org.testng.reporters.JUnitReportReporter -->
<testsuite hostname="DESKTOP-5M7AM2E" failures="0" tests="5" name="com.zaigo.reactui.EditDetailScreenCompaniesTestCases" time="27.149" errors="0" timestamp="2022-09-15T10:55:45 IST" skipped="0">
  <testcase classname="com.zaigo.reactui.EditDetailScreenCompaniesTestCases" name="loginPage" time="2.220"/>
  <system-out/>
  <testcase classname="com.zaigo.reactui.EditDetailScreenCompaniesTestCases" name="teamModule" time="15.695"/>
  <system-out/>
  <testcase classname="com.zaigo.reactui.EditDetailScreenCompaniesTestCases" name="edit" time="2.738"/>
  <system-out/>
  <testcase classname="com.zaigo.reactui.EditDetailScreenCompaniesTestCases" name="addLocation" time="3.822"/>
  <system-out/>
  <testcase classname="com.zaigo.reactui.EditDetailScreenCompaniesTestCases" name="deleteLocation" time="2.674"/>
  <system-out/>
</testsuite> <!-- com.zaigo.reactui.EditDetailScreenCompaniesTestCases -->
