<?xml version="1.0" encoding="UTF-8"?>
<!-- Generated by org.testng.reporters.JUnitReportReporter -->
<testsuite hostname="DESKTOP-5M7AM2E" failures="0" tests="16" name="com.zaigo.reactui.CreateUserTestCases" time="96.750" errors="0" timestamp="2022-08-02T12:14:12 IST" skipped="0">
  <testcase classname="com.zaigo.reactui.CreateUserTestCases" name="loginPage" time="2.068"/>
  <system-out/>
  <testcase classname="com.zaigo.reactui.CreateUserTestCases" name="modulePage" time="10.863"/>
  <system-out/>
  <testcase classname="com.zaigo.reactui.CreateUserTestCases" name="reqFieldUser" time="3.225"/>
  <system-out/>
  <testcase classname="com.zaigo.reactui.CreateUserTestCases" name="conReqField" time="4.071"/>
  <system-out/>
  <testcase classname="com.zaigo.reactui.CreateUserTestCases" name="reqOrganization" time="6.239"/>
  <system-out/>
  <testcase classname="com.zaigo.reactui.CreateUserTestCases" name="manditoryField" time="6.077"/>
  <system-out/>
  <testcase classname="com.zaigo.reactui.CreateUserTestCases" name="inputUserLocationFieldReq" time="2.945"/>
  <system-out/>
  <testcase classname="com.zaigo.reactui.CreateUserTestCases" name="conManditoryField" time="0.228"/>
  <system-out/>
  <testcase classname="com.zaigo.reactui.CreateUserTestCases" name="inputContractorLocationFieldReq" time="2.797"/>
  <system-out/>
  <testcase classname="com.zaigo.reactui.CreateUserTestCases" name="UserModule" time="11.946"/>
  <system-out/>
  <testcase classname="com.zaigo.reactui.CreateUserTestCases" name="listValidate" time="2.116"/>
  <system-out/>
  <testcase classname="com.zaigo.reactui.CreateUserTestCases" name="searchValidate" time="3.363"/>
  <system-out/>
  <testcase classname="com.zaigo.reactui.CreateUserTestCases" name="invalidSearch" time="3.803"/>
  <system-out/>
  <testcase classname="com.zaigo.reactui.CreateUserTestCases" name="conDatas" time="8.917"/>
  <system-out/>
  <testcase classname="com.zaigo.reactui.CreateUserTestCases" name="alreadyExistData" time="9.396"/>
  <system-out/>
  <testcase classname="com.zaigo.reactui.CreateUserTestCases" name="contractExistingData" time="18.696"/>
  <system-out/>
</testsuite> <!-- com.zaigo.reactui.CreateUserTestCases -->
