<?xml version="1.0" encoding="UTF-8"?>
<!-- Generated by org.testng.reporters.JUnitReportReporter -->
<testsuite hostname="DESKTOP-5M7AM2E" failures="0" tests="23" name="com.zaigo.reactui.OnBoardingTestCases" time="36.309" errors="0" timestamp="2022-09-17T15:13:29 IST" skipped="0">
  <testcase classname="com.zaigo.reactui.OnBoardingTestCases" name="login" time="21.114"/>
  <system-out/>
  <testcase classname="com.zaigo.reactui.OnBoardingTestCases" name="mandatoryFieldValidation" time="0.365"/>
  <system-out/>
  <testcase classname="com.zaigo.reactui.OnBoardingTestCases" name="alreadyBussinessNameValidation" time="1.223"/>
  <system-out/>
  <testcase classname="com.zaigo.reactui.OnBoardingTestCases" name="maximumValidationBussinessName" time="0.500"/>
  <system-out/>
  <testcase classname="com.zaigo.reactui.OnBoardingTestCases" name="maximumValidationBussinessWebSite" time="2.008"/>
  <system-out/>
  <testcase classname="com.zaigo.reactui.OnBoardingTestCases" name="maximumValidationFirstName" time="0.487"/>
  <system-out/>
  <testcase classname="com.zaigo.reactui.OnBoardingTestCases" name="maximumValidationLastName" time="0.367"/>
  <system-out/>
  <testcase classname="com.zaigo.reactui.OnBoardingTestCases" name="maximumValidationEmail" time="0.466"/>
  <system-out/>
  <testcase classname="com.zaigo.reactui.OnBoardingTestCases" name="validateEmailFormat" time="0.281"/>
  <system-out/>
  <testcase classname="com.zaigo.reactui.OnBoardingTestCases" name="existingEmailValidation" time="1.713"/>
  <system-out/>
  <testcase classname="com.zaigo.reactui.OnBoardingTestCases" name="correctValidationEmail" time="0.410"/>
  <system-out/>
  <testcase classname="com.zaigo.reactui.OnBoardingTestCases" name="validateRadioButtonClickable" time="3.418"/>
  <system-out/>
  <testcase classname="com.zaigo.reactui.OnBoardingTestCases" name="industryTypeFieldPresent" time="0.203"/>
  <system-out/>
  <testcase classname="com.zaigo.reactui.OnBoardingTestCases" name="maximumValidationIndustryField" time="0.515"/>
  <system-out/>
  <testcase classname="com.zaigo.reactui.OnBoardingTestCases" name="sizeCompanyValidation" time="0.694"/>
  <system-out/>
  <testcase classname="com.zaigo.reactui.OnBoardingTestCases" name="validationRadioButtonIntrested" time="1.178"/>
  <system-out/>
  <testcase classname="com.zaigo.reactui.OnBoardingTestCases" name="passwordMandatoryField" time="0.288"/>
  <system-out/>
  <testcase classname="com.zaigo.reactui.OnBoardingTestCases" name="minValidationPassword" time="0.146"/>
  <system-out/>
  <testcase classname="com.zaigo.reactui.OnBoardingTestCases" name="minValidationConfirmPassword" time="0.148"/>
  <system-out/>
  <testcase classname="com.zaigo.reactui.OnBoardingTestCases" name="passwordFieldConditions" time="0.130"/>
  <system-out/>
  <testcase classname="com.zaigo.reactui.OnBoardingTestCases" name="confirmPasswordFieldCondition" time="0.128"/>
  <system-out/>
  <testcase classname="com.zaigo.reactui.OnBoardingTestCases" name="lowerCaseValidation" time="0.307"/>
  <system-out/>
  <testcase classname="com.zaigo.reactui.OnBoardingTestCases" name="mismatchPassword" time="0.220"/>
  <system-out/>
</testsuite> <!-- com.zaigo.reactui.OnBoardingTestCases -->
