<?xml version="1.0" encoding="UTF-8"?>
<!-- Generated by org.testng.reporters.JUnitReportReporter -->
<testsuite hostname="DESKTOP-5M7AM2E" failures="0" tests="1" name="com.zaigo.reactui.Testclass" time="0.013" errors="0" timestamp="2022-08-28T13:32:13 IST" skipped="0">
  <testcase classname="com.zaigo.reactui.Testclass" name="testcontractor" time="0.013"/>
  <system-out/>
</testsuite> <!-- com.zaigo.reactui.Testclass -->
