<?xml version="1.0" encoding="UTF-8"?>
<!-- Generated by org.testng.reporters.JUnitReportReporter -->
<testsuite hostname="DESKTOP-5M7AM2E" failures="0" tests="3" name="com.zaigo.reactui.Delete" time="71.955" errors="0" timestamp="2022-09-19T13:10:13 IST" skipped="0">
  <testcase classname="com.zaigo.reactui.Delete" name="loginPage" time="1.954"/>
  <system-out/>
  <testcase classname="com.zaigo.reactui.Delete" name="contactModule" time="20.235"/>
  <system-out/>
  <testcase classname="com.zaigo.reactui.Delete" name="deleted" time="49.766"/>
  <system-out/>
</testsuite> <!-- com.zaigo.reactui.Delete -->
