<?xml version="1.0" encoding="UTF-8"?>
<!-- Generated by org.testng.reporters.JUnitReportReporter -->
<testsuite hostname="DESKTOP-5M7AM2E" failures="0" tests="8" name="com.zaigo.reactui.LoginTestCases" time="23.159" errors="0" timestamp="2022-08-02T12:14:12 IST" skipped="0">
  <testcase classname="com.zaigo.reactui.LoginTestCases" name="verifyEmptyEmail" time="2.305"/>
  <system-out/>
  <testcase classname="com.zaigo.reactui.LoginTestCases" name="verifyEmptyPassword" time="2.155"/>
  <system-out/>
  <testcase classname="com.zaigo.reactui.LoginTestCases" name="verifyIncorrectMail" time="1.631"/>
  <system-out/>
  <testcase classname="com.zaigo.reactui.LoginTestCases" name="verifyIncorrectPassword" time="1.584"/>
  <system-out/>
  <testcase classname="com.zaigo.reactui.LoginTestCases" name="verifyInvalidEmail" time="1.587"/>
  <system-out/>
  <testcase classname="com.zaigo.reactui.LoginTestCases" name="verifyInvalidPassword" time="1.690"/>
  <system-out/>
  <testcase classname="com.zaigo.reactui.LoginTestCases" name="verifyInvalidCredentials" time="1.612"/>
  <system-out/>
  <testcase classname="com.zaigo.reactui.LoginTestCases" name="verify" time="10.595"/>
  <system-out/>
</testsuite> <!-- com.zaigo.reactui.LoginTestCases -->
