<?xml version="1.0" encoding="UTF-8"?>
<!-- Generated by org.testng.reporters.JUnitReportReporter -->
<testsuite hostname="DESKTOP-5M7AM2E" failures="0" tests="5" name="com.zaigo.reactui.EditUserTestCases" time="24.719" errors="0" timestamp="2022-08-02T12:14:12 IST" skipped="0">
  <testcase classname="com.zaigo.reactui.EditUserTestCases" name="loginPage" time="1.944"/>
  <system-out/>
  <testcase classname="com.zaigo.reactui.EditUserTestCases" name="modulePage" time="10.104"/>
  <system-out/>
  <testcase classname="com.zaigo.reactui.EditUserTestCases" name="editFunctionality" time="4.930"/>
  <system-out/>
  <testcase classname="com.zaigo.reactui.EditUserTestCases" name="updateContent" time="4.333"/>
  <system-out/>
  <testcase classname="com.zaigo.reactui.EditUserTestCases" name="deleteList" time="3.408"/>
  <system-out/>
</testsuite> <!-- com.zaigo.reactui.EditUserTestCases -->
