<?xml version="1.0" encoding="UTF-8"?>
<!-- Generated by org.testng.reporters.JUnitReportReporter -->
<testsuite skipped="0" hostname="CYBERSPACE" name="com.zaigo.reactui.LoginTestCases" tests="8" failures="0" timestamp="2022-04-15T16:26:28 IST" time="18.609" errors="0">
  <testcase name="verifyEmptyEmail" time="3.415" classname="com.zaigo.reactui.LoginTestCases"/>
  <system-out/>
  <testcase name="verifyEmptyPassword" time="1.673" classname="com.zaigo.reactui.LoginTestCases"/>
  <system-out/>
  <testcase name="verifyIncorrectMail" time="1.082" classname="com.zaigo.reactui.LoginTestCases"/>
  <system-out/>
  <testcase name="verifyIncorrectPassword" time="1.595" classname="com.zaigo.reactui.LoginTestCases"/>
  <system-out/>
  <testcase name="verifyInvalidEmail" time="1.586" classname="com.zaigo.reactui.LoginTestCases"/>
  <system-out/>
  <testcase name="verifyInvalidPassword" time="1.732" classname="com.zaigo.reactui.LoginTestCases"/>
  <system-out/>
  <testcase name="verifyInvalidCredentials" time="1.101" classname="com.zaigo.reactui.LoginTestCases"/>
  <system-out/>
  <testcase name="verify" time="6.425" classname="com.zaigo.reactui.LoginTestCases"/>
  <system-out/>
</testsuite> <!-- com.zaigo.reactui.LoginTestCases -->
