<?xml version="1.0" encoding="UTF-8"?>
<!-- Generated by org.testng.reporters.JUnitReportReporter -->
<testsuite skipped="0" hostname="CYBERSPACE" name="com.zaigo.reactui.CreateUserTestCases" tests="22" failures="0" timestamp="2021-06-08T17:41:13 IST" time="76.788" errors="0">
  <testcase name="verifyUserTab" time="24.732" classname="com.zaigo.reactui.CreateUserTestCases"/>
  <system-out/>
  <testcase name="verifySuccessMessage" time="6.000" classname="com.zaigo.reactui.CreateUserTestCases"/>
  <system-out/>
  <testcase name="verifyErrorMessageCompany" time="3.313" classname="com.zaigo.reactui.CreateUserTestCases"/>
  <system-out/>
  <testcase name="verifyEmailMandatory" time="2.078" classname="com.zaigo.reactui.CreateUserTestCases"/>
  <system-out/>
  <testcase name="verifyMaxPhoneNumber" time="1.590" classname="com.zaigo.reactui.CreateUserTestCases"/>
  <system-out/>
  <testcase name="verifyMaxHomePhoneNumber" time="1.241" classname="com.zaigo.reactui.CreateUserTestCases"/>
  <system-out/>
  <testcase name="verifyEmailFormat" time="1.068" classname="com.zaigo.reactui.CreateUserTestCases"/>
  <system-out/>
  <testcase name="verifyFirstNameMaxCharacters" time="1.750" classname="com.zaigo.reactui.CreateUserTestCases"/>
  <system-out/>
  <testcase name="verifyLastNameMaxCharacters" time="1.482" classname="com.zaigo.reactui.CreateUserTestCases"/>
  <system-out/>
  <testcase name="verifyJobTitleMaxCharacters" time="2.448" classname="com.zaigo.reactui.CreateUserTestCases"/>
  <system-out/>
  <testcase name="verifyLineOneMaxCharacters" time="4.534" classname="com.zaigo.reactui.CreateUserTestCases"/>
  <system-out/>
  <testcase name="verifyLineTwoMaxCharacters" time="3.251" classname="com.zaigo.reactui.CreateUserTestCases"/>
  <system-out/>
  <testcase name="verifyCityMaxCharacters" time="4.037" classname="com.zaigo.reactui.CreateUserTestCases"/>
  <system-out/>
  <testcase name="verifyMaxZipcode" time="3.011" classname="com.zaigo.reactui.CreateUserTestCases"/>
  <system-out/>
  <testcase name="verifyFirstNameMandatory" time="1.420" classname="com.zaigo.reactui.CreateUserTestCases"/>
  <system-out/>
  <testcase name="verifyBlankSpaceAllowedFirstName" time="1.232" classname="com.zaigo.reactui.CreateUserTestCases"/>
  <system-out/>
  <testcase name="verifyBlankSpaceAllowedLastName" time="1.035" classname="com.zaigo.reactui.CreateUserTestCases"/>
  <system-out/>
  <testcase name="verifyBlankSpaceNotAllowedEmail" time="1.202" classname="com.zaigo.reactui.CreateUserTestCases"/>
  <system-out/>
  <testcase name="verifyBlankSpaceNotAllowedJobTitle" time="1.911" classname="com.zaigo.reactui.CreateUserTestCases"/>
  <system-out/>
  <testcase name="verifyLineOneEmptyCharacters" time="3.861" classname="com.zaigo.reactui.CreateUserTestCases"/>
  <system-out/>
  <testcase name="verifyLineTwoEmptyCharacters" time="3.314" classname="com.zaigo.reactui.CreateUserTestCases"/>
  <system-out/>
  <testcase name="verifyCityEmptyCharacters" time="2.278" classname="com.zaigo.reactui.CreateUserTestCases"/>
  <system-out/>
</testsuite> <!-- com.zaigo.reactui.CreateUserTestCases -->
