<?xml version="1.0" encoding="UTF-8"?>
<!-- Generated by org.testng.reporters.JUnitReportReporter -->
<testsuite hostname="DESKTOP-5M7AM2E" failures="0" tests="13" name="com.test.Fieldy_Project" time="72.416" errors="0" timestamp="2022-07-12T16:44:13 IST" skipped="0">
  <testcase classname="com.test.Fieldy_Project" name="loginPage" time="0.196"/>
  <system-out/>
  <testcase classname="com.test.Fieldy_Project" name="modulePage" time="10.352"/>
  <system-out/>
  <testcase classname="com.test.Fieldy_Project" name="reqFieldUser" time="2.584"/>
  <system-out/>
  <testcase classname="com.test.Fieldy_Project" name="conReqField" time="4.144"/>
  <system-out/>
  <testcase classname="com.test.Fieldy_Project" name="reqOrganization" time="5.886"/>
  <system-out/>
  <testcase classname="com.test.Fieldy_Project" name="manditoryField" time="2.830"/>
  <system-out/>
  <testcase classname="com.test.Fieldy_Project" name="inputUserLocationFieldReq" time="6.474"/>
  <system-out/>
  <testcase classname="com.test.Fieldy_Project" name="conManditoryField" time="0.449"/>
  <system-out/>
  <testcase classname="com.test.Fieldy_Project" name="inputContractorLocationFieldReq" time="6.553"/>
  <system-out/>
  <testcase classname="com.test.Fieldy_Project" name="UserModule" time="9.509"/>
  <system-out/>
  <testcase classname="com.test.Fieldy_Project" name="conDatas" time="10.470"/>
  <system-out/>
  <testcase classname="com.test.Fieldy_Project" name="alreadyExistData" time="6.131"/>
  <system-out/>
  <testcase classname="com.test.Fieldy_Project" name="contractExistingData" time="6.838"/>
  <system-out/>
</testsuite> <!-- com.test.Fieldy_Project -->
