<?xml version="1.0" encoding="UTF-8"?>
<!-- Generated by org.testng.reporters.JUnitReportReporter -->
<testsuite hostname="DESKTOP-5M7AM2E" failures="0" tests="9" name="com.zaigo.reactui.SendInviteTestCases" time="30.313" errors="0" timestamp="2022-08-02T12:14:12 IST" skipped="0">
  <testcase classname="com.zaigo.reactui.SendInviteTestCases" name="verifyUserTab" time="12.443"/>
  <system-out/>
  <testcase classname="com.zaigo.reactui.SendInviteTestCases" name="verifySendInvitePopup" time="7.400"/>
  <system-out/>
  <testcase classname="com.zaigo.reactui.SendInviteTestCases" name="verifyEmailRequired" time="2.121"/>
  <system-out/>
  <testcase classname="com.zaigo.reactui.SendInviteTestCases" name="verifyEmailFormat" time="2.800"/>
  <system-out/>
  <testcase classname="com.zaigo.reactui.SendInviteTestCases" name="verifyFirtName" time="0.179"/>
  <system-out/>
  <testcase classname="com.zaigo.reactui.SendInviteTestCases" name="verifyFirtNameWithBlankSpace" time="2.544"/>
  <system-out/>
  <testcase classname="com.zaigo.reactui.SendInviteTestCases" name="verifyUserEnterMessage" time="0.471"/>
  <system-out/>
  <testcase classname="com.zaigo.reactui.SendInviteTestCases" name="verifyAddMoreButton" time="0.112"/>
  <system-out/>
  <testcase classname="com.zaigo.reactui.SendInviteTestCases" name="verifyUserSendInvite" time="2.243"/>
  <system-out/>
</testsuite> <!-- com.zaigo.reactui.SendInviteTestCases -->
