<?xml version="1.0" encoding="UTF-8"?>
<!-- Generated by org.testng.reporters.JUnitReportReporter -->
<testsuite hostname="DESKTOP-5M7AM2E" failures="0" tests="5" name="com.zaigo.reactui.EditContractorCompaniesTestCases" time="31.027" errors="0" timestamp="2022-09-13T12:10:59 IST" skipped="0">
  <testcase classname="com.zaigo.reactui.EditContractorCompaniesTestCases" name="loginPage" time="1.928"/>
  <system-out/>
  <testcase classname="com.zaigo.reactui.EditContractorCompaniesTestCases" name="userModuleField" time="19.578"/>
  <system-out/>
  <testcase classname="com.zaigo.reactui.EditContractorCompaniesTestCases" name="editField" time="1.865"/>
  <system-out/>
  <testcase classname="com.zaigo.reactui.EditContractorCompaniesTestCases" name="editName" time="4.679"/>
  <system-out/>
  <testcase classname="com.zaigo.reactui.EditContractorCompaniesTestCases" name="deleteField" time="2.977"/>
  <system-out/>
</testsuite> <!-- com.zaigo.reactui.EditContractorCompaniesTestCases -->
