<?xml version="1.0" encoding="UTF-8"?>
<!-- Generated by org.testng.reporters.JUnitReportReporter -->
<testsuite hostname="DESKTOP-5M7AM2E" failures="0" tests="13" name="com.zaigo.reactui.CustomerCreateContactTestCases" time="131.630" errors="0" timestamp="2022-09-16T17:18:50 IST" skipped="0">
  <testcase classname="com.zaigo.reactui.CustomerCreateContactTestCases" name="loginPage" time="2.569"/>
  <system-out/>
  <testcase classname="com.zaigo.reactui.CustomerCreateContactTestCases" name="contactModule" time="13.299"/>
  <system-out/>
  <testcase classname="com.zaigo.reactui.CustomerCreateContactTestCases" name="manditoryField" time="6.633"/>
  <system-out/>
  <testcase classname="com.zaigo.reactui.CustomerCreateContactTestCases" name="minValidationContactPage" time="0.743"/>
  <system-out/>
  <testcase classname="com.zaigo.reactui.CustomerCreateContactTestCases" name="maxValidationContactPage" time="6.539"/>
  <system-out/>
  <testcase classname="com.zaigo.reactui.CustomerCreateContactTestCases" name="minValidationPropertyPage" time="0.712"/>
  <system-out/>
  <testcase classname="com.zaigo.reactui.CustomerCreateContactTestCases" name="maxValidationPropertyPage" time="6.972"/>
  <system-out/>
  <testcase classname="com.zaigo.reactui.CustomerCreateContactTestCases" name="maxValidationEquipmentPage" time="8.256"/>
  <system-out/>
  <testcase classname="com.zaigo.reactui.CustomerCreateContactTestCases" name="valdationOfAttachmentField" time="58.741"/>
  <system-out/>
  <testcase classname="com.zaigo.reactui.CustomerCreateContactTestCases" name="createContactWithoutOrganization" time="9.509"/>
  <system-out/>
  <testcase classname="com.zaigo.reactui.CustomerCreateContactTestCases" name="alreadyExistedMail" time="1.377"/>
  <system-out/>
  <testcase classname="com.zaigo.reactui.CustomerCreateContactTestCases" name="listValidation" time="8.497"/>
  <system-out/>
  <testcase classname="com.zaigo.reactui.CustomerCreateContactTestCases" name="validationOrganization" time="7.783"/>
  <system-out/>
</testsuite> <!-- com.zaigo.reactui.CustomerCreateContactTestCases -->
