<?xml version="1.0" encoding="UTF-8"?>
<!-- Generated by org.testng.reporters.JUnitReportReporter -->
<testsuite skipped="0" hostname="CYBERSPACE" name="com.zaigo.reactui.CreateVendorTestCases" tests="16" failures="0" timestamp="2021-06-07T21:46:06 IST" time="31.343" errors="0">
  <testcase name="verifyUserTab" time="6.082" classname="com.zaigo.reactui.CreateVendorTestCases"/>
  <system-out/>
  <testcase name="verifySuccessMessage" time="3.310" classname="com.zaigo.reactui.CreateVendorTestCases"/>
  <system-out/>
  <testcase name="verifyCreateButton" time="0.199" classname="com.zaigo.reactui.CreateVendorTestCases"/>
  <system-out/>
  <testcase name="verifyEmptyName" time="0.547" classname="com.zaigo.reactui.CreateVendorTestCases"/>
  <system-out/>
  <testcase name="verifyEmptyEmail" time="0.550" classname="com.zaigo.reactui.CreateVendorTestCases"/>
  <system-out/>
  <testcase name="verifyEmptyContactPerson" time="0.524" classname="com.zaigo.reactui.CreateVendorTestCases"/>
  <system-out/>
  <testcase name="verifyNameEmptySpaces" time="0.673" classname="com.zaigo.reactui.CreateVendorTestCases"/>
  <system-out/>
  <testcase name="verifyEmailEmptySpaces" time="0.653" classname="com.zaigo.reactui.CreateVendorTestCases"/>
  <system-out/>
  <testcase name="verifyCnameEmptySpaces" time="0.654" classname="com.zaigo.reactui.CreateVendorTestCases"/>
  <system-out/>
  <testcase name="verifyWebsiteFormat" time="0.674" classname="com.zaigo.reactui.CreateVendorTestCases"/>
  <system-out/>
  <testcase name="verifyVendorTab" time="0.113" classname="com.zaigo.reactui.CreateVendorTestCases"/>
  <system-out/>
  <testcase name="verifyLineOneMaxCharacters" time="1.656" classname="com.zaigo.reactui.CreateVendorTestCases"/>
  <system-out/>
  <testcase name="verifyLineTwoMaxCharacters" time="1.533" classname="com.zaigo.reactui.CreateVendorTestCases"/>
  <system-out/>
  <testcase name="verifyCityMaxCharacters" time="1.656" classname="com.zaigo.reactui.CreateVendorTestCases"/>
  <system-out/>
  <testcase name="verifyMinZipcode" time="1.294" classname="com.zaigo.reactui.CreateVendorTestCases"/>
  <system-out/>
  <testcase name="verifyWithvalidImage" time="11.225" classname="com.zaigo.reactui.CreateVendorTestCases"/>
  <system-out/>
</testsuite> <!-- com.zaigo.reactui.CreateVendorTestCases -->
