<?xml version="1.0" encoding="UTF-8"?>
<!-- Generated by org.testng.reporters.JUnitReportReporter -->
<testsuite hostname="DESKTOP-5M7AM2E" failures="0" tests="8" name="com.zaigo.reactui.LoginTestCases" time="24.716" errors="0" timestamp="2022-07-12T17:54:39 IST" skipped="0">
  <testcase classname="com.zaigo.reactui.LoginTestCases" name="verifyEmptyEmail" time="2.108"/>
  <system-out/>
  <testcase classname="com.zaigo.reactui.LoginTestCases" name="verifyEmptyPassword" time="2.107"/>
  <system-out/>
  <testcase classname="com.zaigo.reactui.LoginTestCases" name="verifyIncorrectMail" time="1.565"/>
  <system-out/>
  <testcase classname="com.zaigo.reactui.LoginTestCases" name="verifyIncorrectPassword" time="1.558"/>
  <system-out/>
  <testcase classname="com.zaigo.reactui.LoginTestCases" name="verifyInvalidEmail" time="1.546"/>
  <system-out/>
  <testcase classname="com.zaigo.reactui.LoginTestCases" name="verifyInvalidPassword" time="1.621"/>
  <system-out/>
  <testcase classname="com.zaigo.reactui.LoginTestCases" name="verifyInvalidCredentials" time="1.590"/>
  <system-out/>
  <testcase classname="com.zaigo.reactui.LoginTestCases" name="verify" time="12.621"/>
  <system-out/>
</testsuite> <!-- com.zaigo.reactui.LoginTestCases -->
