<?xml version="1.0" encoding="UTF-8"?>
<!-- Generated by org.testng.reporters.JUnitReportReporter -->
<testsuite hostname="DESKTOP-5M7AM2E" failures="0" tests="5" name="com.zaigo.reactui.EditContractorCompanies" time="24.920" errors="0" timestamp="2022-07-27T13:28:14 IST" skipped="0">
  <testcase classname="com.zaigo.reactui.EditContractorCompanies" name="loginPage" time="5.422"/>
  <system-out/>
  <testcase classname="com.zaigo.reactui.EditContractorCompanies" name="userModuleField" time="13.025"/>
  <system-out/>
  <testcase classname="com.zaigo.reactui.EditContractorCompanies" name="editField" time="1.756"/>
  <system-out/>
  <testcase classname="com.zaigo.reactui.EditContractorCompanies" name="editName" time="3.783"/>
  <system-out/>
  <testcase classname="com.zaigo.reactui.EditContractorCompanies" name="deleteField" time="0.934"/>
  <system-out/>
</testsuite> <!-- com.zaigo.reactui.EditContractorCompanies -->
