<?xml version="1.0" encoding="UTF-8"?>
<!-- Generated by org.testng.reporters.JUnitReportReporter -->
<testsuite hostname="DESKTOP-5M7AM2E" failures="0" tests="16" name="com.zaigo.reactui.CreateUserTestCases" time="115.116" errors="0" timestamp="2022-09-13T12:10:59 IST" skipped="0">
  <testcase classname="com.zaigo.reactui.CreateUserTestCases" name="loginPage" time="1.887"/>
  <system-out/>
  <testcase classname="com.zaigo.reactui.CreateUserTestCases" name="modulePage" time="19.839"/>
  <system-out/>
  <testcase classname="com.zaigo.reactui.CreateUserTestCases" name="reqFieldUser" time="4.193"/>
  <system-out/>
  <testcase classname="com.zaigo.reactui.CreateUserTestCases" name="conReqField" time="2.544"/>
  <system-out/>
  <testcase classname="com.zaigo.reactui.CreateUserTestCases" name="reqOrganization" time="4.493"/>
  <system-out/>
  <testcase classname="com.zaigo.reactui.CreateUserTestCases" name="manditoryField" time="6.597"/>
  <system-out/>
  <testcase classname="com.zaigo.reactui.CreateUserTestCases" name="inputUserLocationFieldReq" time="4.547"/>
  <system-out/>
  <testcase classname="com.zaigo.reactui.CreateUserTestCases" name="conManditoryField" time="0.343"/>
  <system-out/>
  <testcase classname="com.zaigo.reactui.CreateUserTestCases" name="inputContractorLocationFieldReq" time="4.512"/>
  <system-out/>
  <testcase classname="com.zaigo.reactui.CreateUserTestCases" name="UserModule" time="14.388"/>
  <system-out/>
  <testcase classname="com.zaigo.reactui.CreateUserTestCases" name="listValidate" time="2.102"/>
  <system-out/>
  <testcase classname="com.zaigo.reactui.CreateUserTestCases" name="searchValidate" time="6.494"/>
  <system-out/>
  <testcase classname="com.zaigo.reactui.CreateUserTestCases" name="invalidSearch" time="6.389"/>
  <system-out/>
  <testcase classname="com.zaigo.reactui.CreateUserTestCases" name="conDatas" time="10.675"/>
  <system-out/>
  <testcase classname="com.zaigo.reactui.CreateUserTestCases" name="alreadyExistData" time="5.816"/>
  <system-out/>
  <testcase classname="com.zaigo.reactui.CreateUserTestCases" name="contractExistingData" time="20.297"/>
  <system-out/>
</testsuite> <!-- com.zaigo.reactui.CreateUserTestCases -->
