<?xml version="1.0" encoding="UTF-8"?>
<!-- Generated by org.testng.reporters.JUnitReportReporter -->
<testsuite hostname="DESKTOP-5M7AM2E" failures="0" tests="5" name="com.zaigo.reactui.EditUserTestCases" time="33.123" errors="0" timestamp="2022-09-13T12:10:59 IST" skipped="0">
  <testcase classname="com.zaigo.reactui.EditUserTestCases" name="loginPage" time="1.962"/>
  <system-out/>
  <testcase classname="com.zaigo.reactui.EditUserTestCases" name="modulePage" time="18.933"/>
  <system-out/>
  <testcase classname="com.zaigo.reactui.EditUserTestCases" name="editFunctionality" time="3.459"/>
  <system-out/>
  <testcase classname="com.zaigo.reactui.EditUserTestCases" name="updateContent" time="6.875"/>
  <system-out/>
  <testcase classname="com.zaigo.reactui.EditUserTestCases" name="deleteList" time="1.894"/>
  <system-out/>
</testsuite> <!-- com.zaigo.reactui.EditUserTestCases -->
