<?xml version="1.0" encoding="UTF-8"?>
<!-- Generated by org.testng.reporters.JUnitReportReporter -->
<testsuite hostname="DESKTOP-5M7AM2E" failures="0" tests="34" name="com.zaigo.reactui.CustomerCreateContactTestCases" time="102.688" errors="1" timestamp="2022-09-21T17:48:42 IST" skipped="0">
  <testcase classname="com.zaigo.reactui.CustomerCreateContactTestCases" name="loginPage" time="1.980"/>
  <system-out/>
  <testcase classname="com.zaigo.reactui.CustomerCreateContactTestCases" name="contactModule" time="17.708"/>
  <system-out/>
  <testcase classname="com.zaigo.reactui.CustomerCreateContactTestCases" name="maxSizeValidationProfileField" time="5.081"/>
  <system-out/>
  <testcase classname="com.zaigo.reactui.CustomerCreateContactTestCases" name="fileFormatValidationProfileField" time="1.999"/>
  <system-out/>
  <testcase classname="com.zaigo.reactui.CustomerCreateContactTestCases" name="mandatoryValidation" time="0.305"/>
  <system-out/>
  <testcase classname="com.zaigo.reactui.CustomerCreateContactTestCases" name="maxValidationFirstNameField" time="1.233"/>
  <system-out/>
  <testcase classname="com.zaigo.reactui.CustomerCreateContactTestCases" name="maxValidationLastNameField" time="1.090"/>
  <system-out/>
  <testcase classname="com.zaigo.reactui.CustomerCreateContactTestCases" name="maxValidationJobTittle" time="1.122"/>
  <system-out/>
  <testcase classname="com.zaigo.reactui.CustomerCreateContactTestCases" name="maxValidationEmailField" time="1.100"/>
  <system-out/>
  <testcase classname="com.zaigo.reactui.CustomerCreateContactTestCases" name="invalidValidationEmailField" time="0.192"/>
  <system-out/>
  <testcase classname="com.zaigo.reactui.CustomerCreateContactTestCases" name="minValidationPhoneNumberField" time="0.303"/>
  <system-out/>
  <testcase classname="com.zaigo.reactui.CustomerCreateContactTestCases" name="maxValidationPhoneNumberField" time="0.463"/>
  <system-out/>
  <testcase classname="com.zaigo.reactui.CustomerCreateContactTestCases" name="maxValidationPropertyNameField" time="1.826"/>
  <system-out/>
  <testcase classname="com.zaigo.reactui.CustomerCreateContactTestCases" name="maxValidationContactPersonNameeField" time="1.911"/>
  <system-out/>
  <testcase classname="com.zaigo.reactui.CustomerCreateContactTestCases" name="maxValidationAddress1" time="1.046"/>
  <system-out/>
  <testcase classname="com.zaigo.reactui.CustomerCreateContactTestCases" name="maxValidationAddress22Field" time="1.074"/>
  <system-out/>
  <testcase classname="com.zaigo.reactui.CustomerCreateContactTestCases" name="maxValidationCityField" time="1.014"/>
  <system-out/>
  <testcase classname="com.zaigo.reactui.CustomerCreateContactTestCases" name="maxValidationStateField" time="0.905"/>
  <system-out/>
  <testcase classname="com.zaigo.reactui.CustomerCreateContactTestCases" name="minValidationZipcodeField" time="0.184"/>
  <system-out/>
  <testcase classname="com.zaigo.reactui.CustomerCreateContactTestCases" name="maxValidationZipcodeField" time="0.313"/>
  <system-out/>
  <testcase classname="com.zaigo.reactui.CustomerCreateContactTestCases" name="maxValidationProductNameField" time="0.809"/>
  <system-out/>
  <testcase classname="com.zaigo.reactui.CustomerCreateContactTestCases" name="maxValidationBrandNameField" time="0.675"/>
  <system-out/>
  <testcase classname="com.zaigo.reactui.CustomerCreateContactTestCases" name="maxValdidationModelNumberField" time="0.671"/>
  <system-out/>
  <testcase classname="com.zaigo.reactui.CustomerCreateContactTestCases" name="maxValidationSerialNumberField" time="0.667"/>
  <system-out/>
  <testcase classname="com.zaigo.reactui.CustomerCreateContactTestCases" name="maxValidationInstallationNotesField" time="4.368"/>
  <system-out/>
  <testcase classname="com.zaigo.reactui.CustomerCreateContactTestCases" name="maxValidationAccessHoursField" time="0.683"/>
  <system-out/>
  <testcase classname="com.zaigo.reactui.CustomerCreateContactTestCases" name="maxValidationAttachmentFileField" time="1.971"/>
  <system-out/>
  <testcase classname="com.zaigo.reactui.CustomerCreateContactTestCases" name="fileFormatValidationAttachmentField" time="1.778"/>
  <system-out/>
  <testcase classname="com.zaigo.reactui.CustomerCreateContactTestCases" name="maxLimitAttachmentField" time="20.566"/>
  <system-out/>
  <testcase classname="com.zaigo.reactui.CustomerCreateContactTestCases" name="CreateContact" time="16.131">
    <error message="Expected condition failed: waiting for visibility of element located by By.xpath: //span[text()=&#039;Customer contact created successfully&#039;] (tried for 10 second(s) with 500 milliseconds interval)" type="org.openqa.selenium.TimeoutException">
      <![CDATA[org.openqa.selenium.TimeoutException: Expected condition failed: waiting for visibility of element located by By.xpath: //span[text()='Customer contact created successfully'] (tried for 10 second(s) with 500 milliseconds interval)
at org.openqa.selenium.support.ui.WebDriverWait.timeoutException(WebDriverWait.java:95)
at org.openqa.selenium.support.ui.FluentWait.until(FluentWait.java:272)
at com.zaigo.pageobjects.CustomerCreateContactPage.assertName(CustomerCreateContactPage.java:438)
at com.zaigo.pageobjects.CustomerCreateContactPage.contactPage(CustomerCreateContactPage.java:1349)
at com.zaigo.reactui.CustomerCreateContactTestCases.CreateContact(CustomerCreateContactTestCases.java:228)
at java.base/jdk.internal.reflect.NativeMethodAccessorImpl.invoke0(Native Method)
at java.base/jdk.internal.reflect.NativeMethodAccessorImpl.invoke(NativeMethodAccessorImpl.java:77)
at java.base/jdk.internal.reflect.DelegatingMethodAccessorImpl.invoke(DelegatingMethodAccessorImpl.java:43)
at java.base/java.lang.reflect.Method.invoke(Method.java:568)
at org.testng.internal.MethodInvocationHelper.invokeMethod(MethodInvocationHelper.java:133)
at org.testng.internal.TestInvoker.invokeMethod(TestInvoker.java:598)
at org.testng.internal.TestInvoker.invokeTestMethod(TestInvoker.java:173)
at org.testng.internal.MethodRunner.runInSequence(MethodRunner.java:46)
at org.testng.internal.TestInvoker$MethodInvocationAgent.invoke(TestInvoker.java:824)
at org.testng.internal.TestInvoker.invokeTestMethods(TestInvoker.java:146)
at org.testng.internal.TestMethodWorker.invokeTestMethods(TestMethodWorker.java:146)
at org.testng.internal.TestMethodWorker.run(TestMethodWorker.java:128)
at java.base/java.util.ArrayList.forEach(ArrayList.java:1511)
at org.testng.TestRunner.privateRun(TestRunner.java:794)
at org.testng.TestRunner.run(TestRunner.java:596)
at org.testng.SuiteRunner.runTest(SuiteRunner.java:377)
at org.testng.SuiteRunner.runSequentially(SuiteRunner.java:371)
at org.testng.SuiteRunner.privateRun(SuiteRunner.java:332)
at org.testng.SuiteRunner.run(SuiteRunner.java:276)
at org.testng.SuiteRunnerWorker.runSuite(SuiteRunnerWorker.java:53)
at org.testng.SuiteRunnerWorker.run(SuiteRunnerWorker.java:96)
at org.testng.TestNG.runSuitesSequentially(TestNG.java:1212)
at org.testng.TestNG.runSuitesLocally(TestNG.java:1134)
at org.testng.TestNG.runSuites(TestNG.java:1063)
at org.testng.TestNG.run(TestNG.java:1031)
at org.testng.remote.AbstractRemoteTestNG.run(AbstractRemoteTestNG.java:115)
at org.testng.remote.RemoteTestNG.initAndRun(RemoteTestNG.java:251)
at org.testng.remote.RemoteTestNG.main(RemoteTestNG.java:77)
Caused by: org.openqa.selenium.NoSuchElementException: no such element: Unable to locate element: {"method":"xpath","selector":"//span[text()='Customer contact created successfully']"}
  (Session info: chrome=105.0.5195.127)
For documentation on this error, please visit: https://www.seleniumhq.org/exceptions/no_such_element.html
Build info: version: '3.141.59', revision: 'e82be7d358', time: '2018-11-14T08:17:03'
System info: host: 'DESKTOP-5M7AM2E', ip: '192.168.1.29', os.name: 'Windows 11', os.arch: 'amd64', os.version: '10.0', java.version: '17.0.3'
Driver info: org.openqa.selenium.chrome.ChromeDriver
Capabilities {acceptInsecureCerts: false, browserName: chrome, browserVersion: 105.0.5195.127, chrome: {chromedriverVersion: 105.0.5195.52 (412c95e51883..., userDataDir: C:\Users\ZAIGOP~1\AppData\L...}, goog:chromeOptions: {debuggerAddress: localhost:49954}, javascriptEnabled: true, networkConnectionEnabled: false, pageLoadStrategy: normal, platform: WINDOWS, platformName: WINDOWS, proxy: Proxy(), setWindowRect: true, strictFileInteractability: false, timeouts: {implicit: 0, pageLoad: 300000, script: 30000}, unhandledPromptBehavior: dismiss and notify, webauthn:extension:credBlob: true, webauthn:extension:largeBlob: true, webauthn:virtualAuthenticators: true}
Session ID: e632bfe380fb726707b8d3ae4f386777
*** Element info: {Using=xpath, value=//span[text()='Customer contact created successfully']}
at jdk.internal.reflect.GeneratedConstructorAccessor12.newInstance(Unknown Source)
at java.base/jdk.internal.reflect.DelegatingConstructorAccessorImpl.newInstance(DelegatingConstructorAccessorImpl.java:45)
at java.base/java.lang.reflect.Constructor.newInstanceWithCaller(Constructor.java:499)
at java.base/java.lang.reflect.Constructor.newInstance(Constructor.java:480)
at org.openqa.selenium.remote.http.W3CHttpResponseCodec.createException(W3CHttpResponseCodec.java:187)
at org.openqa.selenium.remote.http.W3CHttpResponseCodec.decode(W3CHttpResponseCodec.java:122)
at org.openqa.selenium.remote.http.W3CHttpResponseCodec.decode(W3CHttpResponseCodec.java:49)
at org.openqa.selenium.remote.HttpCommandExecutor.execute(HttpCommandExecutor.java:158)
at org.openqa.selenium.remote.service.DriverCommandExecutor.execute(DriverCommandExecutor.java:83)
at org.openqa.selenium.remote.RemoteWebDriver.execute(RemoteWebDriver.java:552)
at org.openqa.selenium.remote.RemoteWebDriver.findElement(RemoteWebDriver.java:323)
at org.openqa.selenium.remote.RemoteWebDriver.findElementByXPath(RemoteWebDriver.java:428)
at org.openqa.selenium.By$ByXPath.findElement(By.java:353)
at org.openqa.selenium.remote.RemoteWebDriver.findElement(RemoteWebDriver.java:315)
at org.openqa.selenium.support.ui.ExpectedConditions$7.apply(ExpectedConditions.java:205)
at org.openqa.selenium.support.ui.ExpectedConditions$7.apply(ExpectedConditions.java:201)
at org.openqa.selenium.support.ui.FluentWait.until(FluentWait.java:249)
... 31 more
]]>
    </error>
  </testcase> <!-- CreateContact -->
  <system-out/>
  <testcase classname="com.zaigo.reactui.CustomerCreateContactTestCases" name="alreadyExistedMail" time="4.630"/>
  <system-out/>
  <testcase classname="com.zaigo.reactui.CustomerCreateContactTestCases" name="characterFilterValidation" time="2.318"/>
  <system-out/>
  <testcase classname="com.zaigo.reactui.CustomerCreateContactTestCases" name="searchListNameField" time="1.608"/>
  <system-out/>
  <testcase classname="com.zaigo.reactui.CustomerCreateContactTestCases" name="searchInvalidListName" time="4.964"/>
  <system-out/>
</testsuite> <!-- com.zaigo.reactui.CustomerCreateContactTestCases -->
