<?xml version="1.0" encoding="UTF-8"?>
<!-- Generated by org.testng.reporters.JUnitReportReporter -->
<testsuite skipped="0" hostname="CYBERSPACE" name="com.zaigo.reactui.CreateContractorTestCases" tests="9" failures="0" timestamp="2022-06-23T17:17:48 IST" time="30.417" errors="0">
  <testcase name="verifyContractorTab" time="23.047" classname="com.zaigo.reactui.CreateContractorTestCases"/>
  <system-out/>
  <testcase name="verifyContractorNameMandatory" time="0.302" classname="com.zaigo.reactui.CreateContractorTestCases"/>
  <system-out/>
  <testcase name="verifyContractorEmailFormat" time="0.599" classname="com.zaigo.reactui.CreateContractorTestCases"/>
  <system-out/>
  <testcase name="verifyContractorNumberMinValidation" time="0.369" classname="com.zaigo.reactui.CreateContractorTestCases"/>
  <system-out/>
  <testcase name="verifyContractorNumberMaxValidation" time="0.215" classname="com.zaigo.reactui.CreateContractorTestCases"/>
  <system-out/>
  <testcase name="verifyFaxMinValidation" time="4.269" classname="com.zaigo.reactui.CreateContractorTestCases"/>
  <system-out/>
  <testcase name="verifyFaxMaxValidation" time="0.414" classname="com.zaigo.reactui.CreateContractorTestCases"/>
  <system-out/>
  <testcase name="verifyCpersonMaxValidation" time="1.147" classname="com.zaigo.reactui.CreateContractorTestCases"/>
  <system-out/>
  <testcase name="verifySaveButtonExist" time="0.055" classname="com.zaigo.reactui.CreateContractorTestCases"/>
  <system-out/>
</testsuite> <!-- com.zaigo.reactui.CreateContractorTestCases -->
