<?xml version="1.0" encoding="UTF-8"?>
<!-- Generated by org.testng.reporters.JUnitReportReporter -->
<testsuite hostname="DESKTOP-5M7AM2E" failures="0" tests="7" name="com.zaigo.reactui.ContractorLocationTestCases" time="26.969" errors="0" timestamp="2022-08-04T15:39:39 IST" skipped="0">
  <testcase classname="com.zaigo.reactui.ContractorLocationTestCases" name="verifyContractorTab" time="1.867"/>
  <system-out/>
  <testcase classname="com.zaigo.reactui.ContractorLocationTestCases" name="clickModule" time="9.389"/>
  <system-out/>
  <testcase classname="com.zaigo.reactui.ContractorLocationTestCases" name="contractorField" time="4.905"/>
  <system-out/>
  <testcase classname="com.zaigo.reactui.ContractorLocationTestCases" name="contractorField" time="2.792"/>
  <system-out/>
  <testcase classname="com.zaigo.reactui.ContractorLocationTestCases" name="contractorField" time="4.471"/>
  <system-out/>
  <testcase classname="com.zaigo.reactui.ContractorLocationTestCases" name="contractorField" time="1.779"/>
  <system-out/>
  <testcase classname="com.zaigo.reactui.ContractorLocationTestCases" name="contractorField" time="1.766"/>
  <system-out/>
</testsuite> <!-- com.zaigo.reactui.ContractorLocationTestCases -->
