<?xml version="1.0" encoding="UTF-8"?>
<!-- Generated by org.testng.reporters.JUnitReportReporter -->
<testsuite hostname="DESKTOP-5M7AM2E" failures="0" tests="8" name="com.zaigo.reactui.LoginTestCases" time="25.812" errors="0" timestamp="2022-08-30T15:19:18 IST" skipped="0">
  <testcase classname="com.zaigo.reactui.LoginTestCases" name="verifyEmptyEmail" time="1.728"/>
  <system-out/>
  <testcase classname="com.zaigo.reactui.LoginTestCases" name="verifyEmptyPassword" time="2.220"/>
  <system-out/>
  <testcase classname="com.zaigo.reactui.LoginTestCases" name="verifyIncorrectMail" time="1.597"/>
  <system-out/>
  <testcase classname="com.zaigo.reactui.LoginTestCases" name="verifyIncorrectPassword" time="2.647"/>
  <system-out/>
  <testcase classname="com.zaigo.reactui.LoginTestCases" name="verifyInvalidEmail" time="1.629"/>
  <system-out/>
  <testcase classname="com.zaigo.reactui.LoginTestCases" name="verifyInvalidPassword" time="1.714"/>
  <system-out/>
  <testcase classname="com.zaigo.reactui.LoginTestCases" name="verifyInvalidCredentials" time="2.800"/>
  <system-out/>
  <testcase classname="com.zaigo.reactui.LoginTestCases" name="verify" time="11.477"/>
  <system-out/>
</testsuite> <!-- com.zaigo.reactui.LoginTestCases -->
