<?xml version="1.0" encoding="UTF-8"?>
<!-- Generated by org.testng.reporters.JUnitReportReporter -->
<testsuite hostname="DESKTOP-5M7AM2E" failures="0" tests="8" name="com.zaigo.reactui.LoginTestCases" time="21.106" errors="0" timestamp="2022-07-12T11:57:42 IST" skipped="0">
  <testcase classname="com.zaigo.reactui.LoginTestCases" name="verifyEmptyEmail" time="2.051"/>
  <system-out/>
  <testcase classname="com.zaigo.reactui.LoginTestCases" name="verifyEmptyPassword" time="2.161"/>
  <system-out/>
  <testcase classname="com.zaigo.reactui.LoginTestCases" name="verifyIncorrectMail" time="1.081"/>
  <system-out/>
  <testcase classname="com.zaigo.reactui.LoginTestCases" name="verifyIncorrectPassword" time="1.598"/>
  <system-out/>
  <testcase classname="com.zaigo.reactui.LoginTestCases" name="verifyInvalidEmail" time="1.571"/>
  <system-out/>
  <testcase classname="com.zaigo.reactui.LoginTestCases" name="verifyInvalidPassword" time="1.650"/>
  <system-out/>
  <testcase classname="com.zaigo.reactui.LoginTestCases" name="verifyInvalidCredentials" time="1.603"/>
  <system-out/>
  <testcase classname="com.zaigo.reactui.LoginTestCases" name="verify" time="9.391"/>
  <system-out/>
</testsuite> <!-- com.zaigo.reactui.LoginTestCases -->
