<?xml version="1.0" encoding="UTF-8"?>
<!-- Generated by org.testng.reporters.JUnitReportReporter -->
<testsuite hostname="DESKTOP-5M7AM2E" failures="0" tests="13" name="com.zaigo.reactui.CreateContractorTestCases" time="41.202" errors="0" timestamp="2022-09-13T12:10:59 IST" skipped="0">
  <testcase classname="com.zaigo.reactui.CreateContractorTestCases" name="verifyContractorTab" time="19.402"/>
  <system-out/>
  <testcase classname="com.zaigo.reactui.CreateContractorTestCases" name="verifyContractorNameMandatory" time="2.131"/>
  <system-out/>
  <testcase classname="com.zaigo.reactui.CreateContractorTestCases" name="verifyContractorEmailFormat" time="0.260"/>
  <system-out/>
  <testcase classname="com.zaigo.reactui.CreateContractorTestCases" name="verifyContractorNumberMinValidation" time="0.268"/>
  <system-out/>
  <testcase classname="com.zaigo.reactui.CreateContractorTestCases" name="verifyContractorNumberMaxValidation" time="0.179"/>
  <system-out/>
  <testcase classname="com.zaigo.reactui.CreateContractorTestCases" name="verifyFaxMinValidation" time="0.187"/>
  <system-out/>
  <testcase classname="com.zaigo.reactui.CreateContractorTestCases" name="verifyFaxMaxValidation" time="0.305"/>
  <system-out/>
  <testcase classname="com.zaigo.reactui.CreateContractorTestCases" name="verifyCpersonMaxValidation" time="1.288"/>
  <system-out/>
  <testcase classname="com.zaigo.reactui.CreateContractorTestCases" name="clearFields" time="11.861"/>
  <system-out/>
  <testcase classname="com.zaigo.reactui.CreateContractorTestCases" name="verifySaveButtonExist" time="0.046"/>
  <system-out/>
  <testcase classname="com.zaigo.reactui.CreateContractorTestCases" name="createContract" time="3.011"/>
  <system-out/>
  <testcase classname="com.zaigo.reactui.CreateContractorTestCases" name="listValidationName" time="1.072"/>
  <system-out/>
  <testcase classname="com.zaigo.reactui.CreateContractorTestCases" name="invalidValidationData" time="1.192"/>
  <system-out/>
</testsuite> <!-- com.zaigo.reactui.CreateContractorTestCases -->
