<?xml version="1.0" encoding="UTF-8"?>
<!-- Generated by org.testng.reporters.JUnitReportReporter -->
<testsuite hostname="DESKTOP-5M7AM2E" failures="0" tests="16" name="com.zaigo.reactui.CreateUserTestCases" time="113.872" errors="0" timestamp="2022-08-30T15:19:18 IST" skipped="0">
  <testcase classname="com.zaigo.reactui.CreateUserTestCases" name="loginPage" time="2.629"/>
  <system-out/>
  <testcase classname="com.zaigo.reactui.CreateUserTestCases" name="modulePage" time="14.840"/>
  <system-out/>
  <testcase classname="com.zaigo.reactui.CreateUserTestCases" name="reqFieldUser" time="4.197"/>
  <system-out/>
  <testcase classname="com.zaigo.reactui.CreateUserTestCases" name="conReqField" time="2.648"/>
  <system-out/>
  <testcase classname="com.zaigo.reactui.CreateUserTestCases" name="reqOrganization" time="4.529"/>
  <system-out/>
  <testcase classname="com.zaigo.reactui.CreateUserTestCases" name="manditoryField" time="6.600"/>
  <system-out/>
  <testcase classname="com.zaigo.reactui.CreateUserTestCases" name="inputUserLocationFieldReq" time="4.322"/>
  <system-out/>
  <testcase classname="com.zaigo.reactui.CreateUserTestCases" name="conManditoryField" time="0.340"/>
  <system-out/>
  <testcase classname="com.zaigo.reactui.CreateUserTestCases" name="inputContractorLocationFieldReq" time="4.309"/>
  <system-out/>
  <testcase classname="com.zaigo.reactui.CreateUserTestCases" name="UserModule" time="14.448"/>
  <system-out/>
  <testcase classname="com.zaigo.reactui.CreateUserTestCases" name="listValidate" time="2.112"/>
  <system-out/>
  <testcase classname="com.zaigo.reactui.CreateUserTestCases" name="searchValidate" time="6.527"/>
  <system-out/>
  <testcase classname="com.zaigo.reactui.CreateUserTestCases" name="invalidSearch" time="5.867"/>
  <system-out/>
  <testcase classname="com.zaigo.reactui.CreateUserTestCases" name="conDatas" time="10.769"/>
  <system-out/>
  <testcase classname="com.zaigo.reactui.CreateUserTestCases" name="alreadyExistData" time="6.881"/>
  <system-out/>
  <testcase classname="com.zaigo.reactui.CreateUserTestCases" name="contractExistingData" time="22.854"/>
  <system-out/>
</testsuite> <!-- com.zaigo.reactui.CreateUserTestCases -->
