<?xml version="1.0" encoding="UTF-8"?>
<!-- Generated by org.testng.reporters.JUnitReportReporter -->
<testsuite hostname="DESKTOP-5M7AM2E" failures="0" tests="8" name="com.zaigo.reactui.LoginTestCases" time="25.158" errors="0" timestamp="2022-07-12T16:44:13 IST" skipped="0">
  <testcase classname="com.zaigo.reactui.LoginTestCases" name="verifyEmptyEmail" time="2.884"/>
  <system-out/>
  <testcase classname="com.zaigo.reactui.LoginTestCases" name="verifyEmptyPassword" time="2.142"/>
  <system-out/>
  <testcase classname="com.zaigo.reactui.LoginTestCases" name="verifyIncorrectMail" time="1.595"/>
  <system-out/>
  <testcase classname="com.zaigo.reactui.LoginTestCases" name="verifyIncorrectPassword" time="1.589"/>
  <system-out/>
  <testcase classname="com.zaigo.reactui.LoginTestCases" name="verifyInvalidEmail" time="1.544"/>
  <system-out/>
  <testcase classname="com.zaigo.reactui.LoginTestCases" name="verifyInvalidPassword" time="2.165"/>
  <system-out/>
  <testcase classname="com.zaigo.reactui.LoginTestCases" name="verifyInvalidCredentials" time="1.584"/>
  <system-out/>
  <testcase classname="com.zaigo.reactui.LoginTestCases" name="verify" time="11.655"/>
  <system-out/>
</testsuite> <!-- com.zaigo.reactui.LoginTestCases -->
