<?xml version="1.0" encoding="UTF-8"?>
<!-- Generated by org.testng.reporters.JUnitReportReporter -->
<testsuite hostname="DESKTOP-5M7AM2E" failures="0" tests="9" name="com.zaigo.reactui.SendInviteTestCases" time="35.949" errors="0" timestamp="2022-09-15T10:55:45 IST" skipped="0">
  <testcase classname="com.zaigo.reactui.SendInviteTestCases" name="verifyUserTab" time="11.388"/>
  <system-out/>
  <testcase classname="com.zaigo.reactui.SendInviteTestCases" name="verifySendInvitePopup" time="6.643"/>
  <system-out/>
  <testcase classname="com.zaigo.reactui.SendInviteTestCases" name="verifyEmailRequired" time="2.230"/>
  <system-out/>
  <testcase classname="com.zaigo.reactui.SendInviteTestCases" name="verifyEmailFormat" time="3.058"/>
  <system-out/>
  <testcase classname="com.zaigo.reactui.SendInviteTestCases" name="verifyFirtName" time="0.230"/>
  <system-out/>
  <testcase classname="com.zaigo.reactui.SendInviteTestCases" name="verifyFirtNameWithBlankSpace" time="2.780"/>
  <system-out/>
  <testcase classname="com.zaigo.reactui.SendInviteTestCases" name="verifyUserEnterMessage" time="2.797"/>
  <system-out/>
  <testcase classname="com.zaigo.reactui.SendInviteTestCases" name="verifyAddMoreButton" time="0.154"/>
  <system-out/>
  <testcase classname="com.zaigo.reactui.SendInviteTestCases" name="verifyUserSendInvite" time="6.669"/>
  <system-out/>
</testsuite> <!-- com.zaigo.reactui.SendInviteTestCases -->
