<?xml version="1.0" encoding="UTF-8"?>
<!-- Generated by org.testng.reporters.JUnitReportReporter -->
<testsuite skipped="0" hostname="CYBERSPACE" name="com.zaigo.reactui.CreateContractorTestCases" tests="2" failures="0" timestamp="2022-04-15T16:26:28 IST" time="18.350" errors="0">
  <testcase name="verifyContractorTab" time="18.144" classname="com.zaigo.reactui.CreateContractorTestCases"/>
  <system-out/>
  <testcase name="verifyNameRequired" time="0.206" classname="com.zaigo.reactui.CreateContractorTestCases"/>
  <system-out/>
</testsuite> <!-- com.zaigo.reactui.CreateContractorTestCases -->
